[debug] [2026-03-10T10:46:00.986Z] ----------------------------------------------------------------------
[debug] [2026-03-10T10:46:00.989Z] Command:       C:\Program Files\nodejs\node.exe C:\Users\Lenovo\AppData\Roaming\npm\node_modules\firebase-tools\lib\bin\firebase.js deploy
[debug] [2026-03-10T10:46:00.989Z] CLI Version:   13.34.0
[debug] [2026-03-10T10:46:00.990Z] Platform:      win32
[debug] [2026-03-10T10:46:00.990Z] Node Version:  v23.9.0
[debug] [2026-03-10T10:46:00.990Z] Time:          Tue Mar 10 2026 16:46:00 GMT+0600 (Bangladesh Standard Time)
[debug] [2026-03-10T10:46:00.990Z] ----------------------------------------------------------------------
[debug] 
[debug] [2026-03-10T10:46:01.206Z] > command requires scopes: ["email","openid","https://www.googleapis.com/auth/cloudplatformprojects.readonly","https://www.googleapis.com/auth/firebase","https://www.googleapis.com/auth/cloud-platform"]
[debug] [2026-03-10T10:46:01.206Z] > authorizing via signed-in user (mridulamozid@gmail.com)
[debug] [2026-03-10T10:46:01.207Z] [iam] checking project mridula-mozid for permissions ["firebase.projects.get","firebasehosting.sites.update"]
[debug] [2026-03-10T10:46:01.208Z] Checked if tokens are valid: false, expires at: 1741988693177
[debug] [2026-03-10T10:46:01.208Z] Checked if tokens are valid: false, expires at: 1741988693177
[debug] [2026-03-10T10:46:01.208Z] > refreshing access token with scopes: []
[debug] [2026-03-10T10:46:01.210Z] >>> [apiv2][query] POST https://www.googleapis.com/oauth2/v3/token [none]
[debug] [2026-03-10T10:46:01.210Z] >>> [apiv2][body] POST https://www.googleapis.com/oauth2/v3/token [omitted]
[debug] [2026-03-10T10:46:01.454Z] <<< [apiv2][status] POST https://www.googleapis.com/oauth2/v3/token 400
[debug] [2026-03-10T10:46:01.454Z] <<< [apiv2][body] POST https://www.googleapis.com/oauth2/v3/token [omitted]
[debug] [2026-03-10T10:46:01.455Z] >>> [apiv2][query] POST https://cloudresourcemanager.googleapis.com/v1/projects/mridula-mozid:testIamPermissions [none]
[debug] [2026-03-10T10:46:01.455Z] >>> [apiv2][(partial)header] POST https://cloudresourcemanager.googleapis.com/v1/projects/mridula-mozid:testIamPermissions x-goog-quota-user=projects/mridula-mozid
[debug] [2026-03-10T10:46:01.455Z] >>> [apiv2][body] POST https://cloudresourcemanager.googleapis.com/v1/projects/mridula-mozid:testIamPermissions {"permissions":["firebase.projects.get","firebasehosting.sites.update"]}
[debug] [2026-03-10T10:46:02.741Z] <<< [apiv2][status] POST https://cloudresourcemanager.googleapis.com/v1/projects/mridula-mozid:testIamPermissions 401
[debug] [2026-03-10T10:46:02.741Z] <<< [apiv2][body] POST https://cloudresourcemanager.googleapis.com/v1/projects/mridula-mozid:testIamPermissions {"error":{"code":401,"message":"Request had invalid authentication credentials. Expected OAuth 2 access token, login cookie or other valid authentication credential. See https://developers.google.com/identity/sign-in/web/devconsole-project.","status":"UNAUTHENTICATED","details":[{"@type":"type.googleapis.com/google.rpc.ErrorInfo","reason":"ACCESS_TOKEN_TYPE_UNSUPPORTED","metadata":{"method":"google.cloudresourcemanager.v1.Projects.TestIamPermissions","service":"cloudresourcemanager.googleapis.com"}}]}}
[debug] [2026-03-10T10:46:02.741Z] Got a 401 Unauthenticated error for a call that required authentication. Refreshing tokens.
[debug] [2026-03-10T10:46:02.741Z] Checked if tokens are valid: false, expires at: 1741988693177
[debug] [2026-03-10T10:46:02.741Z] Checked if tokens are valid: false, expires at: 1741988693177
[debug] [2026-03-10T10:46:02.741Z] > refreshing access token with scopes: []
[debug] [2026-03-10T10:46:02.742Z] >>> [apiv2][query] POST https://www.googleapis.com/oauth2/v3/token [none]
[debug] [2026-03-10T10:46:02.742Z] >>> [apiv2][body] POST https://www.googleapis.com/oauth2/v3/token [omitted]
[debug] [2026-03-10T10:46:02.826Z] <<< [apiv2][status] POST https://www.googleapis.com/oauth2/v3/token 400
[debug] [2026-03-10T10:46:02.826Z] <<< [apiv2][body] POST https://www.googleapis.com/oauth2/v3/token [omitted]
[debug] [2026-03-10T10:46:02.827Z] [iam] error while checking permissions, command may fail: Request to https://cloudresourcemanager.googleapis.com/v1/projects/mridula-mozid:testIamPermissions had HTTP Error: 401, Request had invalid authentication credentials. Expected OAuth 2 access token, login cookie or other valid authentication credential. See https://developers.google.com/identity/sign-in/web/devconsole-project.
[debug] [2026-03-10T10:46:02.827Z] Checked if tokens are valid: false, expires at: 1741988693177
[debug] [2026-03-10T10:46:02.827Z] Checked if tokens are valid: false, expires at: 1741988693177
[debug] [2026-03-10T10:46:02.827Z] > refreshing access token with scopes: []
[debug] [2026-03-10T10:46:02.828Z] >>> [apiv2][query] POST https://www.googleapis.com/oauth2/v3/token [none]
[debug] [2026-03-10T10:46:02.828Z] >>> [apiv2][body] POST https://www.googleapis.com/oauth2/v3/token [omitted]
[debug] [2026-03-10T10:46:03.004Z] <<< [apiv2][status] POST https://www.googleapis.com/oauth2/v3/token 400
[debug] [2026-03-10T10:46:03.004Z] <<< [apiv2][body] POST https://www.googleapis.com/oauth2/v3/token [omitted]
[debug] [2026-03-10T10:46:03.005Z] >>> [apiv2][query] GET https://firebase.googleapis.com/v1beta1/projects/mridula-mozid [none]
[debug] [2026-03-10T10:46:03.275Z] <<< [apiv2][status] GET https://firebase.googleapis.com/v1beta1/projects/mridula-mozid 401
[debug] [2026-03-10T10:46:03.275Z] <<< [apiv2][body] GET https://firebase.googleapis.com/v1beta1/projects/mridula-mozid {"error":{"code":401,"message":"Request had invalid authentication credentials. Expected OAuth 2 access token, login cookie or other valid authentication credential. See https://developers.google.com/identity/sign-in/web/devconsole-project.","status":"UNAUTHENTICATED"}}
[debug] [2026-03-10T10:46:03.275Z] Got a 401 Unauthenticated error for a call that required authentication. Refreshing tokens.
[debug] [2026-03-10T10:46:03.275Z] Checked if tokens are valid: false, expires at: 1741988693177
[debug] [2026-03-10T10:46:03.275Z] Checked if tokens are valid: false, expires at: 1741988693177
[debug] [2026-03-10T10:46:03.275Z] > refreshing access token with scopes: []
[debug] [2026-03-10T10:46:03.275Z] >>> [apiv2][query] POST https://www.googleapis.com/oauth2/v3/token [none]
[debug] [2026-03-10T10:46:03.275Z] >>> [apiv2][body] POST https://www.googleapis.com/oauth2/v3/token [omitted]
[debug] [2026-03-10T10:46:03.362Z] <<< [apiv2][status] POST https://www.googleapis.com/oauth2/v3/token 400
[debug] [2026-03-10T10:46:03.362Z] <<< [apiv2][body] POST https://www.googleapis.com/oauth2/v3/token [omitted]
[debug] [2026-03-10T10:46:03.363Z] Request to https://firebase.googleapis.com/v1beta1/projects/mridula-mozid had HTTP Error: 401, Request had invalid authentication credentials. Expected OAuth 2 access token, login cookie or other valid authentication credential. See https://developers.google.com/identity/sign-in/web/devconsole-project.
[error] 
[error] Error: Assertion failed: resolving hosting target of a site with no site name or target name. This should have caused an error earlier
